[master 6aaa8e2] Auto-backup: 2026-03-26_030001
 1 file changed, 0 insertions(+), 0 deletions(-)
 create mode 100644 logs/backup.log
Thu Mar 26 03:00:02 UTC 2026: Backup complete - workspace_2026-03-26_030001.tar.gz
[master c27e277] Auto-backup: 2026-03-26_040001
 2 files changed, 11 insertions(+)
Thu Mar 26 04:00:01 UTC 2026: Backup complete - workspace_2026-03-26_040001.tar.gz
[master f0abd45] Auto-backup: 2026-03-26_050001
 2 files changed, 8 insertions(+)
Thu Mar 26 05:00:01 UTC 2026: Backup complete - workspace_2026-03-26_050001.tar.gz
[master 9a4cbd9] Auto-backup: 2026-03-26_060001
 4 files changed, 12 insertions(+)
 create mode 100644 logs/gp-improvement.log
 create mode 100644 logs/gp-review.log
Thu Mar 26 06:00:02 UTC 2026: Backup complete - workspace_2026-03-26_060001.tar.gz
[master c5bda16] Auto-backup: 2026-03-26_070001
 2 files changed, 8 insertions(+)
Thu Mar 26 07:00:01 UTC 2026: Backup complete - workspace_2026-03-26_070001.tar.gz
[master 29fa1fc] Auto-backup: 2026-03-26_080001
 2 files changed, 8 insertions(+)
Thu Mar 26 08:00:02 UTC 2026: Backup complete - workspace_2026-03-26_080001.tar.gz
[master 5570884] Auto-backup: 2026-03-26_090001
 2 files changed, 8 insertions(+)
Thu Mar 26 09:00:02 UTC 2026: Backup complete - workspace_2026-03-26_090001.tar.gz
