=== Health Check: 2026-03-26_03:30:01 ===
Growing Pains: Not active
Disk usage: 66%
Memory: 93Gi/124Gi
=== End Health ===
=== Health Check: 2026-03-26_04:00:01 ===
Growing Pains: Not active
Disk usage: 66%
Memory: 94Gi/124Gi
=== End Health ===
=== Health Check: 2026-03-26_04:30:01 ===
Growing Pains: Not active
Disk usage: 66%
Memory: 94Gi/124Gi
=== End Health ===
=== Health Check: 2026-03-26_05:00:01 ===
Growing Pains: Not active
Disk usage: 66%
Memory: 95Gi/124Gi
=== End Health ===
=== Health Check: 2026-03-26_05:30:01 ===
Growing Pains: Not active
Disk usage: 66%
Memory: 95Gi/124Gi
=== End Health ===
=== Health Check: 2026-03-26_06:00:01 ===
Growing Pains: Not active
Disk usage: 66%
Memory: 96Gi/124Gi
=== End Health ===
=== Health Check: 2026-03-26_06:30:01 ===
Growing Pains: Not active
Disk usage: 66%
Memory: 95Gi/124Gi
=== End Health ===
=== Health Check: 2026-03-26_07:00:01 ===
Growing Pains: Not active
Disk usage: 66%
Memory: 95Gi/124Gi
=== End Health ===
=== Health Check: 2026-03-26_07:30:01 ===
Growing Pains: Not active
Disk usage: 66%
Memory: 95Gi/124Gi
=== End Health ===
